
> sneakrz-king-store@0.0.0 dev
> vite


  VITE v6.3.5  ready in 494 ms

  ➜  Local:   http://localhost:5173/
  ➜  Network: use --host to expose
  ➜  press h + enter to show help

  #  Node.js[4205]: void node::ResetStdio() at ../src/node.cc:760
  #  Assertion failed: !(err != 0) || (err == -1 && (*__errno_location ()) == 1)

----- Native stack trace -----

 1: 0xf95cf7 node::Assert(node::AssertionInfo const&) [node]
 2: 0xf42264  [node]
 3: 0x7fd7c7a45495  [/lib/x86_64-linux-gnu/libc.so.6]
 4: 0x7fd7c7a45610 on_exit [/lib/x86_64-linux-gnu/libc.so.6]
 5: 0xe98a4f node::DefaultProcessExitHandlerInternal(node::Environment*, node::ExitCode) [node]
 6: 0xf01e4f node::Environment::Exit(node::ExitCode) [node]
 7: 0x1d755e2  [node]

  #  Node.js[4205]: void node::ResetStdio() at ../src/node.cc:760
  #  Assertion failed: !(err != 0) || (err == -1 && (*__errno_location ()) == 1)

----- Native stack trace -----

 1: 0xf95cf7 node::Assert(node::AssertionInfo const&) [node]
 2: 0xf42264  [node]
 3: 0xf42982 node::TrapWebAssemblyOrContinue(int, siginfo_t*, void*) [node]
 4: 0x7fd7c7a42520  [/lib/x86_64-linux-gnu/libc.so.6]
Aborted

  #  Node.js[4193]: void node::ResetStdio() at ../src/node.cc:760
  #  Assertion failed: !(err != 0) || (err == -1 && (*__errno_location ()) == 1)

----- Native stack trace -----

 1: 0xf95cf7 node::Assert(node::AssertionInfo const&) [npm run dev]
 2: 0xf42264  [npm run dev]
 3: 0x7fa28d245495  [/lib/x86_64-linux-gnu/libc.so.6]
 4: 0x7fa28d245610 on_exit [/lib/x86_64-linux-gnu/libc.so.6]
 5: 0xe98a4f node::DefaultProcessExitHandlerInternal(node::Environment*, node::ExitCode) [npm run dev]
 6: 0xf01e4f node::Environment::Exit(node::ExitCode) [npm run dev]
 7: 0x1d755e2  [npm run dev]

  #  Node.js[4193]: void node::ResetStdio() at ../src/node.cc:760
  #  Assertion failed: !(err != 0) || (err == -1 && (*__errno_location ()) == 1)

----- Native stack trace -----

 1: 0xf95cf7 node::Assert(node::AssertionInfo const&) [npm run dev]
 2: 0xf42264  [npm run dev]
 3: 0xf42982 node::TrapWebAssemblyOrContinue(int, siginfo_t*, void*) [npm run dev]
 4: 0x7fa28d242520  [/lib/x86_64-linux-gnu/libc.so.6]
 5: 0x1929140 v8::internal::tracing::TraceEventHelper::GetTracingController() [npm run dev]
 6: 0x13dc745 v8::internal::Isolate::CaptureDetailedStackTrace(int, v8::StackTrace::StackTraceOptions) [npm run dev]
 7: 0x126a133 v8::StackTrace::CurrentStackTrace(v8::Isolate*, int, v8::StackTrace::StackTraceOptions) [npm run dev]
 8: 0xf95c46 node::GetCurrentStackTrace(v8::Isolate*, int) [npm run dev]
 9: 0xee0c8b node::DumpJavaScriptBacktrace(_IO_FILE*) [npm run dev]
10: 0xf95d03 node::Assert(node::AssertionInfo const&) [npm run dev]
11: 0xf42264  [npm run dev]
12: 0x7fa28d245495  [/lib/x86_64-linux-gnu/libc.so.6]
13: 0x7fa28d245610 on_exit [/lib/x86_64-linux-gnu/libc.so.6]
14: 0xe98a4f node::DefaultProcessExitHandlerInternal(node::Environment*, node::ExitCode) [npm run dev]
15: 0xf01e4f node::Environment::Exit(node::ExitCode) [npm run dev]
16: 0x1d755e2  [npm run dev]
